0 info it worked if it ends with ok
1 verbose cli [ '/usr/local/bin/node', '/usr/local/bin/npm', 'install' ]
2 info using npm@3.3.12
3 info using node@v5.4.1
4 silly loadCurrentTree Starting
5 silly install loadCurrentTree
6 silly install readLocalPackageData
7 silly install normalizeTree
8 silly loadCurrentTree Finishing
9 silly loadIdealTree Starting
10 silly install loadIdealTree
11 silly cloneCurrentTree Starting
12 silly install cloneCurrentTreeToIdealTree
13 silly cloneCurrentTree Finishing
14 silly loadShrinkwrap Starting
15 silly install loadShrinkwrap
16 silly loadShrinkwrap Finishing
17 silly loadAllDepsIntoIdealTree Starting
18 silly install loadAllDepsIntoIdealTree
19 silly loadAllDepsIntoIdealTree Finishing
20 silly idealTree:prePrune elo@1.0.0
20 silly idealTree:prePrune ├── abbrev@1.0.7
20 silly idealTree:prePrune ├── async@1.4.2
20 silly idealTree:prePrune ├── bcrypt-nodejs@0.0.3
20 silly idealTree:prePrune ├── bcryptjs@2.3.0
20 silly idealTree:prePrune ├── bluebird@3.1.1
20 silly idealTree:prePrune ├─┬ body-parser@1.14.1
20 silly idealTree:prePrune │ ├── bytes@2.1.0
20 silly idealTree:prePrune │ ├── content-type@1.0.1
20 silly idealTree:prePrune │ ├─┬ debug@2.2.0
20 silly idealTree:prePrune │ │ └── ms@0.7.1
20 silly idealTree:prePrune │ ├── depd@1.1.0
20 silly idealTree:prePrune │ ├─┬ http-errors@1.3.1
20 silly idealTree:prePrune │ │ ├── inherits@2.0.1
20 silly idealTree:prePrune │ │ └── statuses@1.2.1
20 silly idealTree:prePrune │ ├── iconv-lite@0.4.12
20 silly idealTree:prePrune │ ├─┬ on-finished@2.3.0
20 silly idealTree:prePrune │ │ └── ee-first@1.1.1
20 silly idealTree:prePrune │ ├── qs@5.1.0
20 silly idealTree:prePrune │ ├─┬ raw-body@2.1.4
20 silly idealTree:prePrune │ │ └── unpipe@1.0.0
20 silly idealTree:prePrune │ └─┬ type-is@1.6.9
20 silly idealTree:prePrune │   ├── media-typer@0.3.0
20 silly idealTree:prePrune │   └─┬ mime-types@2.1.7
20 silly idealTree:prePrune │     └── mime-db@1.19.0
20 silly idealTree:prePrune ├── bson@0.4.21
20 silly idealTree:prePrune ├── chart.js@1.0.2
20 silly idealTree:prePrune ├── connect-flash@0.1.1
20 silly idealTree:prePrune ├── connect-mongo@1.1.0
20 silly idealTree:prePrune ├── core-util-is@1.0.2
20 silly idealTree:prePrune ├─┬ cors@2.7.1
20 silly idealTree:prePrune │ └── vary@1.1.0
20 silly idealTree:prePrune ├── es6-promise@3.0.2
20 silly idealTree:prePrune ├─┬ express-session@1.11.3
20 silly idealTree:prePrune │ ├── cookie-signature@1.0.6
20 silly idealTree:prePrune │ ├── cookie@0.1.3
20 silly idealTree:prePrune │ ├── crc@3.3.0
20 silly idealTree:prePrune │ ├─┬ debug@2.2.0
20 silly idealTree:prePrune │ │ └── ms@0.7.1
20 silly idealTree:prePrune │ ├── depd@1.0.1
20 silly idealTree:prePrune │ ├── on-headers@1.0.1
20 silly idealTree:prePrune │ ├── parseurl@1.3.0
20 silly idealTree:prePrune │ ├─┬ uid-safe@2.0.0
20 silly idealTree:prePrune │ │ └── base64-url@1.2.1
20 silly idealTree:prePrune │ └── utils-merge@1.0.0
20 silly idealTree:prePrune ├─┬ express-sessions@1.0.5
20 silly idealTree:prePrune │ ├─┬ express@2.5.11
20 silly idealTree:prePrune │ │ ├─┬ connect@1.9.2
20 silly idealTree:prePrune │ │ │ └── formidable@1.0.17
20 silly idealTree:prePrune │ │ ├── mime@1.2.4
20 silly idealTree:prePrune │ │ ├── mkdirp@0.3.0
20 silly idealTree:prePrune │ │ └── qs@0.4.2
20 silly idealTree:prePrune │ ├─┬ mongoose@3.9.7
20 silly idealTree:prePrune │ │ ├── async@0.9.0
20 silly idealTree:prePrune │ │ ├── hooks@0.3.2
20 silly idealTree:prePrune │ │ ├── kareem@0.0.4
20 silly idealTree:prePrune │ │ ├─┬ mongodb@1.4.12
20 silly idealTree:prePrune │ │ │ ├─┬ bson@0.2.22
20 silly idealTree:prePrune │ │ │ │ └── nan@1.8.4
20 silly idealTree:prePrune │ │ │ ├── kerberos@0.0.4
20 silly idealTree:prePrune │ │ │ └── readable-stream@2.0.5
20 silly idealTree:prePrune │ │ ├── mpath@0.1.1
20 silly idealTree:prePrune │ │ ├── mpromise@0.5.4
20 silly idealTree:prePrune │ │ ├─┬ mquery@1.0.0
20 silly idealTree:prePrune │ │ │ └── debug@0.7.4
20 silly idealTree:prePrune │ │ ├── ms@0.1.0
20 silly idealTree:prePrune │ │ ├── muri@0.3.1
20 silly idealTree:prePrune │ │ ├── regexp-clone@0.0.1
20 silly idealTree:prePrune │ │ └── sliced@0.0.5
20 silly idealTree:prePrune │ └── redis@0.12.1
20 silly idealTree:prePrune ├─┬ express@4.13.3
20 silly idealTree:prePrune │ ├─┬ accepts@1.2.13
20 silly idealTree:prePrune │ │ ├─┬ mime-types@2.1.7
20 silly idealTree:prePrune │ │ │ └── mime-db@1.19.0
20 silly idealTree:prePrune │ │ └── negotiator@0.5.3
20 silly idealTree:prePrune │ ├── array-flatten@1.1.1
20 silly idealTree:prePrune │ ├── content-disposition@0.5.0
20 silly idealTree:prePrune │ ├── content-type@1.0.1
20 silly idealTree:prePrune │ ├── cookie-signature@1.0.6
20 silly idealTree:prePrune │ ├── cookie@0.1.3
20 silly idealTree:prePrune │ ├─┬ debug@2.2.0
20 silly idealTree:prePrune │ │ └── ms@0.7.1
20 silly idealTree:prePrune │ ├── depd@1.0.1
20 silly idealTree:prePrune │ ├── escape-html@1.0.2
20 silly idealTree:prePrune │ ├── etag@1.7.0
20 silly idealTree:prePrune │ ├─┬ finalhandler@0.4.0
20 silly idealTree:prePrune │ │ └── unpipe@1.0.0
20 silly idealTree:prePrune │ ├── fresh@0.3.0
20 silly idealTree:prePrune │ ├── merge-descriptors@1.0.0
20 silly idealTree:prePrune │ ├── methods@1.1.1
20 silly idealTree:prePrune │ ├─┬ on-finished@2.3.0
20 silly idealTree:prePrune │ │ └── ee-first@1.1.1
20 silly idealTree:prePrune │ ├── parseurl@1.3.0
20 silly idealTree:prePrune │ ├── path-to-regexp@0.1.7
20 silly idealTree:prePrune │ ├─┬ proxy-addr@1.0.8
20 silly idealTree:prePrune │ │ ├── forwarded@0.1.0
20 silly idealTree:prePrune │ │ └── ipaddr.js@1.0.1
20 silly idealTree:prePrune │ ├── qs@4.0.0
20 silly idealTree:prePrune │ ├── range-parser@1.0.2
20 silly idealTree:prePrune │ ├─┬ send@0.13.0
20 silly idealTree:prePrune │ │ ├── destroy@1.0.3
20 silly idealTree:prePrune │ │ ├─┬ http-errors@1.3.1
20 silly idealTree:prePrune │ │ │ └── inherits@2.0.1
20 silly idealTree:prePrune │ │ ├── mime@1.3.4
20 silly idealTree:prePrune │ │ ├── ms@0.7.1
20 silly idealTree:prePrune │ │ └── statuses@1.2.1
20 silly idealTree:prePrune │ ├── serve-static@1.10.0
20 silly idealTree:prePrune │ ├─┬ type-is@1.6.9
20 silly idealTree:prePrune │ │ ├── media-typer@0.3.0
20 silly idealTree:prePrune │ │ └─┬ mime-types@2.1.7
20 silly idealTree:prePrune │ │   └── mime-db@1.19.0
20 silly idealTree:prePrune │ ├── utils-merge@1.0.0
20 silly idealTree:prePrune │ └── vary@1.0.1
20 silly idealTree:prePrune ├── gravatar@1.4.0
20 silly idealTree:prePrune ├── inherits@2.0.1
20 silly idealTree:prePrune ├── isarray@0.0.1
20 silly idealTree:prePrune ├── knuth-shuffle@1.0.1
20 silly idealTree:prePrune ├─┬ mongo-session@0.2.15
20 silly idealTree:prePrune │ └─┬ mongodb@1.3.12
20 silly idealTree:prePrune │   ├── bson@0.2.1
20 silly idealTree:prePrune │   └── kerberos@0.0.3
20 silly idealTree:prePrune ├── mongodb-core@1.2.32
20 silly idealTree:prePrune ├── mongodb@2.1.4
20 silly idealTree:prePrune ├─┬ mongoose@4.1.9
20 silly idealTree:prePrune │ ├── async@0.9.0
20 silly idealTree:prePrune │ ├── bson@0.4.12
20 silly idealTree:prePrune │ ├── hooks-fixed@1.1.0
20 silly idealTree:prePrune │ ├── kareem@1.0.1
20 silly idealTree:prePrune │ ├─┬ mongodb@2.0.42
20 silly idealTree:prePrune │ │ ├── es6-promise@2.1.1
20 silly idealTree:prePrune │ │ ├─┬ mongodb-core@1.2.10
20 silly idealTree:prePrune │ │ │ └─┬ kerberos@0.0.14
20 silly idealTree:prePrune │ │ │   └── nan@2.0.9
20 silly idealTree:prePrune │ │ └─┬ readable-stream@1.0.31
20 silly idealTree:prePrune │ │   ├── core-util-is@1.0.1
20 silly idealTree:prePrune │ │   ├── inherits@2.0.1
20 silly idealTree:prePrune │ │   ├── isarray@0.0.1
20 silly idealTree:prePrune │ │   └── string_decoder@0.10.31
20 silly idealTree:prePrune │ ├── mpath@0.1.1
20 silly idealTree:prePrune │ ├── mpromise@0.5.4
20 silly idealTree:prePrune │ ├─┬ mquery@1.6.3
20 silly idealTree:prePrune │ │ ├── bluebird@2.9.26
20 silly idealTree:prePrune │ │ └─┬ debug@2.2.0
20 silly idealTree:prePrune │ │   └── ms@0.7.1
20 silly idealTree:prePrune │ ├── ms@0.1.0
20 silly idealTree:prePrune │ ├── muri@1.0.0
20 silly idealTree:prePrune │ ├── regexp-clone@0.0.1
20 silly idealTree:prePrune │ └── sliced@0.0.5
20 silly idealTree:prePrune ├── nopt@3.0.6
20 silly idealTree:prePrune ├─┬ passport-facebook@2.0.0
20 silly idealTree:prePrune │ └─┬ passport-oauth2@1.1.2
20 silly idealTree:prePrune │   ├── oauth@0.9.14
20 silly idealTree:prePrune │   ├── passport-strategy@1.0.0
20 silly idealTree:prePrune │   └── uid2@0.0.3
20 silly idealTree:prePrune ├─┬ passport-google-oauth@0.2.0
20 silly idealTree:prePrune │ ├─┬ passport-oauth@1.0.0
20 silly idealTree:prePrune │ │ ├─┬ passport-oauth1@1.0.1
20 silly idealTree:prePrune │ │ │ ├── oauth@0.9.14
20 silly idealTree:prePrune │ │ │ ├── passport-strategy@1.0.0
20 silly idealTree:prePrune │ │ │ └── utils-merge@1.0.0
20 silly idealTree:prePrune │ │ └─┬ passport-oauth2@1.1.2
20 silly idealTree:prePrune │ │   ├── oauth@0.9.14
20 silly idealTree:prePrune │ │   ├── passport-strategy@1.0.0
20 silly idealTree:prePrune │ │   └── uid2@0.0.3
20 silly idealTree:prePrune │ └── pkginfo@0.3.0
20 silly idealTree:prePrune ├── passport-local@1.0.0
20 silly idealTree:prePrune ├── passport-strategy@1.0.0
20 silly idealTree:prePrune ├─┬ passport@0.3.0
20 silly idealTree:prePrune │ ├── passport-strategy@1.0.0
20 silly idealTree:prePrune │ └── pause@0.0.1
20 silly idealTree:prePrune ├── process-nextick-args@1.0.6
20 silly idealTree:prePrune ├── readable-stream@1.0.31
20 silly idealTree:prePrune ├── string_decoder@0.10.31
20 silly idealTree:prePrune ├── underscore@1.8.3
20 silly idealTree:prePrune └── util-deprecate@1.0.2
21 silly loadIdealTree Finishing
22 silly currentTree elo@1.0.0
22 silly currentTree ├── abbrev@1.0.7
22 silly currentTree ├── async@1.4.2
22 silly currentTree ├── bcrypt-nodejs@0.0.3
22 silly currentTree ├── bcryptjs@2.3.0
22 silly currentTree ├── bluebird@3.1.1
22 silly currentTree ├─┬ body-parser@1.14.1
22 silly currentTree │ ├── bytes@2.1.0
22 silly currentTree │ ├── content-type@1.0.1
22 silly currentTree │ ├─┬ debug@2.2.0
22 silly currentTree │ │ └── ms@0.7.1
22 silly currentTree │ ├── depd@1.1.0
22 silly currentTree │ ├─┬ http-errors@1.3.1
22 silly currentTree │ │ ├── inherits@2.0.1
22 silly currentTree │ │ └── statuses@1.2.1
22 silly currentTree │ ├── iconv-lite@0.4.12
22 silly currentTree │ ├─┬ on-finished@2.3.0
22 silly currentTree │ │ └── ee-first@1.1.1
22 silly currentTree │ ├── qs@5.1.0
22 silly currentTree │ ├─┬ raw-body@2.1.4
22 silly currentTree │ │ └── unpipe@1.0.0
22 silly currentTree │ └─┬ type-is@1.6.9
22 silly currentTree │   ├── media-typer@0.3.0
22 silly currentTree │   └─┬ mime-types@2.1.7
22 silly currentTree │     └── mime-db@1.19.0
22 silly currentTree ├── bson@0.4.21
22 silly currentTree ├── chart.js@1.0.2
22 silly currentTree ├── connect-flash@0.1.1
22 silly currentTree ├── connect-mongo@1.1.0
22 silly currentTree ├── core-util-is@1.0.2
22 silly currentTree ├─┬ cors@2.7.1
22 silly currentTree │ └── vary@1.1.0
22 silly currentTree ├── es6-promise@3.0.2
22 silly currentTree ├─┬ express-session@1.11.3
22 silly currentTree │ ├── cookie-signature@1.0.6
22 silly currentTree │ ├── cookie@0.1.3
22 silly currentTree │ ├── crc@3.3.0
22 silly currentTree │ ├─┬ debug@2.2.0
22 silly currentTree │ │ └── ms@0.7.1
22 silly currentTree │ ├── depd@1.0.1
22 silly currentTree │ ├── on-headers@1.0.1
22 silly currentTree │ ├── parseurl@1.3.0
22 silly currentTree │ ├─┬ uid-safe@2.0.0
22 silly currentTree │ │ └── base64-url@1.2.1
22 silly currentTree │ └── utils-merge@1.0.0
22 silly currentTree ├─┬ express-sessions@1.0.5
22 silly currentTree │ ├─┬ express@2.5.11
22 silly currentTree │ │ ├─┬ connect@1.9.2
22 silly currentTree │ │ │ └── formidable@1.0.17
22 silly currentTree │ │ ├── mime@1.2.4
22 silly currentTree │ │ ├── mkdirp@0.3.0
22 silly currentTree │ │ └── qs@0.4.2
22 silly currentTree │ ├─┬ mongoose@3.9.7
22 silly currentTree │ │ ├── async@0.9.0
22 silly currentTree │ │ ├── hooks@0.3.2
22 silly currentTree │ │ ├── kareem@0.0.4
22 silly currentTree │ │ ├─┬ mongodb@1.4.12
22 silly currentTree │ │ │ ├─┬ bson@0.2.22
22 silly currentTree │ │ │ │ └── nan@1.8.4
22 silly currentTree │ │ │ ├── kerberos@0.0.4
22 silly currentTree │ │ │ └── readable-stream@2.0.5
22 silly currentTree │ │ ├── mpath@0.1.1
22 silly currentTree │ │ ├── mpromise@0.5.4
22 silly currentTree │ │ ├─┬ mquery@1.0.0
22 silly currentTree │ │ │ └── debug@0.7.4
22 silly currentTree │ │ ├── ms@0.1.0
22 silly currentTree │ │ ├── muri@0.3.1
22 silly currentTree │ │ ├── regexp-clone@0.0.1
22 silly currentTree │ │ └── sliced@0.0.5
22 silly currentTree │ └── redis@0.12.1
22 silly currentTree ├─┬ express@4.13.3
22 silly currentTree │ ├─┬ accepts@1.2.13
22 silly currentTree │ │ ├─┬ mime-types@2.1.7
22 silly currentTree │ │ │ └── mime-db@1.19.0
22 silly currentTree │ │ └── negotiator@0.5.3
22 silly currentTree │ ├── array-flatten@1.1.1
22 silly currentTree │ ├── content-disposition@0.5.0
22 silly currentTree │ ├── content-type@1.0.1
22 silly currentTree │ ├── cookie-signature@1.0.6
22 silly currentTree │ ├── cookie@0.1.3
22 silly currentTree │ ├─┬ debug@2.2.0
22 silly currentTree │ │ └── ms@0.7.1
22 silly currentTree │ ├── depd@1.0.1
22 silly currentTree │ ├── escape-html@1.0.2
22 silly currentTree │ ├── etag@1.7.0
22 silly currentTree │ ├─┬ finalhandler@0.4.0
22 silly currentTree │ │ └── unpipe@1.0.0
22 silly currentTree │ ├── fresh@0.3.0
22 silly currentTree │ ├── merge-descriptors@1.0.0
22 silly currentTree │ ├── methods@1.1.1
22 silly currentTree │ ├─┬ on-finished@2.3.0
22 silly currentTree │ │ └── ee-first@1.1.1
22 silly currentTree │ ├── parseurl@1.3.0
22 silly currentTree │ ├── path-to-regexp@0.1.7
22 silly currentTree │ ├─┬ proxy-addr@1.0.8
22 silly currentTree │ │ ├── forwarded@0.1.0
22 silly currentTree │ │ └── ipaddr.js@1.0.1
22 silly currentTree │ ├── qs@4.0.0
22 silly currentTree │ ├── range-parser@1.0.2
22 silly currentTree │ ├─┬ send@0.13.0
22 silly currentTree │ │ ├── destroy@1.0.3
22 silly currentTree │ │ ├─┬ http-errors@1.3.1
22 silly currentTree │ │ │ └── inherits@2.0.1
22 silly currentTree │ │ ├── mime@1.3.4
22 silly currentTree │ │ ├── ms@0.7.1
22 silly currentTree │ │ └── statuses@1.2.1
22 silly currentTree │ ├── serve-static@1.10.0
22 silly currentTree │ ├─┬ type-is@1.6.9
22 silly currentTree │ │ ├── media-typer@0.3.0
22 silly currentTree │ │ └─┬ mime-types@2.1.7
22 silly currentTree │ │   └── mime-db@1.19.0
22 silly currentTree │ ├── utils-merge@1.0.0
22 silly currentTree │ └── vary@1.0.1
22 silly currentTree ├── gravatar@1.4.0
22 silly currentTree ├── inherits@2.0.1
22 silly currentTree ├── isarray@0.0.1
22 silly currentTree ├── knuth-shuffle@1.0.1
22 silly currentTree ├─┬ mongo-session@0.2.15
22 silly currentTree │ └─┬ mongodb@1.3.12
22 silly currentTree │   ├── bson@0.2.1
22 silly currentTree │   └── kerberos@0.0.3
22 silly currentTree ├── mongodb-core@1.2.32
22 silly currentTree ├── mongodb@2.1.4
22 silly currentTree ├─┬ mongoose@4.1.9
22 silly currentTree │ ├── async@0.9.0
22 silly currentTree │ ├── bson@0.4.12
22 silly currentTree │ ├── hooks-fixed@1.1.0
22 silly currentTree │ ├── kareem@1.0.1
22 silly currentTree │ ├─┬ mongodb@2.0.42
22 silly currentTree │ │ ├── es6-promise@2.1.1
22 silly currentTree │ │ ├─┬ mongodb-core@1.2.10
22 silly currentTree │ │ │ └─┬ kerberos@0.0.14
22 silly currentTree │ │ │   └── nan@2.0.9
22 silly currentTree │ │ └─┬ readable-stream@1.0.31
22 silly currentTree │ │   ├── core-util-is@1.0.1
22 silly currentTree │ │   ├── inherits@2.0.1
22 silly currentTree │ │   ├── isarray@0.0.1
22 silly currentTree │ │   └── string_decoder@0.10.31
22 silly currentTree │ ├── mpath@0.1.1
22 silly currentTree │ ├── mpromise@0.5.4
22 silly currentTree │ ├─┬ mquery@1.6.3
22 silly currentTree │ │ ├── bluebird@2.9.26
22 silly currentTree │ │ └─┬ debug@2.2.0
22 silly currentTree │ │   └── ms@0.7.1
22 silly currentTree │ ├── ms@0.1.0
22 silly currentTree │ ├── muri@1.0.0
22 silly currentTree │ ├── regexp-clone@0.0.1
22 silly currentTree │ └── sliced@0.0.5
22 silly currentTree ├── nopt@3.0.6
22 silly currentTree ├─┬ passport-facebook@2.0.0
22 silly currentTree │ └─┬ passport-oauth2@1.1.2
22 silly currentTree │   ├── oauth@0.9.14
22 silly currentTree │   ├── passport-strategy@1.0.0
22 silly currentTree │   └── uid2@0.0.3
22 silly currentTree ├─┬ passport-google-oauth@0.2.0
22 silly currentTree │ ├─┬ passport-oauth@1.0.0
22 silly currentTree │ │ ├─┬ passport-oauth1@1.0.1
22 silly currentTree │ │ │ ├── oauth@0.9.14
22 silly currentTree │ │ │ ├── passport-strategy@1.0.0
22 silly currentTree │ │ │ └── utils-merge@1.0.0
22 silly currentTree │ │ └─┬ passport-oauth2@1.1.2
22 silly currentTree │ │   ├── oauth@0.9.14
22 silly currentTree │ │   ├── passport-strategy@1.0.0
22 silly currentTree │ │   └── uid2@0.0.3
22 silly currentTree │ └── pkginfo@0.3.0
22 silly currentTree ├── passport-local@1.0.0
22 silly currentTree ├── passport-strategy@1.0.0
22 silly currentTree ├─┬ passport@0.3.0
22 silly currentTree │ ├── passport-strategy@1.0.0
22 silly currentTree │ └── pause@0.0.1
22 silly currentTree ├── process-nextick-args@1.0.6
22 silly currentTree ├── readable-stream@1.0.31
22 silly currentTree ├── string_decoder@0.10.31
22 silly currentTree ├── underscore@1.8.3
22 silly currentTree └── util-deprecate@1.0.2
23 silly idealTree elo@1.0.0
23 silly idealTree ├── abbrev@1.0.7
23 silly idealTree ├── async@1.4.2
23 silly idealTree ├── bcrypt-nodejs@0.0.3
23 silly idealTree ├── bcryptjs@2.3.0
23 silly idealTree ├── bluebird@3.1.1
23 silly idealTree ├─┬ body-parser@1.14.1
23 silly idealTree │ ├── bytes@2.1.0
23 silly idealTree │ ├── content-type@1.0.1
23 silly idealTree │ ├─┬ debug@2.2.0
23 silly idealTree │ │ └── ms@0.7.1
23 silly idealTree │ ├── depd@1.1.0
23 silly idealTree │ ├─┬ http-errors@1.3.1
23 silly idealTree │ │ ├── inherits@2.0.1
23 silly idealTree │ │ └── statuses@1.2.1
23 silly idealTree │ ├── iconv-lite@0.4.12
23 silly idealTree │ ├─┬ on-finished@2.3.0
23 silly idealTree │ │ └── ee-first@1.1.1
23 silly idealTree │ ├── qs@5.1.0
23 silly idealTree │ ├─┬ raw-body@2.1.4
23 silly idealTree │ │ └── unpipe@1.0.0
23 silly idealTree │ └─┬ type-is@1.6.9
23 silly idealTree │   ├── media-typer@0.3.0
23 silly idealTree │   └─┬ mime-types@2.1.7
23 silly idealTree │     └── mime-db@1.19.0
23 silly idealTree ├── bson@0.4.21
23 silly idealTree ├── chart.js@1.0.2
23 silly idealTree ├── connect-flash@0.1.1
23 silly idealTree ├── connect-mongo@1.1.0
23 silly idealTree ├── core-util-is@1.0.2
23 silly idealTree ├─┬ cors@2.7.1
23 silly idealTree │ └── vary@1.1.0
23 silly idealTree ├── es6-promise@3.0.2
23 silly idealTree ├─┬ express-session@1.11.3
23 silly idealTree │ ├── cookie-signature@1.0.6
23 silly idealTree │ ├── cookie@0.1.3
23 silly idealTree │ ├── crc@3.3.0
23 silly idealTree │ ├─┬ debug@2.2.0
23 silly idealTree │ │ └── ms@0.7.1
23 silly idealTree │ ├── depd@1.0.1
23 silly idealTree │ ├── on-headers@1.0.1
23 silly idealTree │ ├── parseurl@1.3.0
23 silly idealTree │ ├─┬ uid-safe@2.0.0
23 silly idealTree │ │ └── base64-url@1.2.1
23 silly idealTree │ └── utils-merge@1.0.0
23 silly idealTree ├─┬ express-sessions@1.0.5
23 silly idealTree │ ├─┬ express@2.5.11
23 silly idealTree │ │ ├─┬ connect@1.9.2
23 silly idealTree │ │ │ └── formidable@1.0.17
23 silly idealTree │ │ ├── mime@1.2.4
23 silly idealTree │ │ ├── mkdirp@0.3.0
23 silly idealTree │ │ └── qs@0.4.2
23 silly idealTree │ ├─┬ mongoose@3.9.7
23 silly idealTree │ │ ├── async@0.9.0
23 silly idealTree │ │ ├── hooks@0.3.2
23 silly idealTree │ │ ├── kareem@0.0.4
23 silly idealTree │ │ ├─┬ mongodb@1.4.12
23 silly idealTree │ │ │ ├─┬ bson@0.2.22
23 silly idealTree │ │ │ │ └── nan@1.8.4
23 silly idealTree │ │ │ ├── kerberos@0.0.4
23 silly idealTree │ │ │ └── readable-stream@2.0.5
23 silly idealTree │ │ ├── mpath@0.1.1
23 silly idealTree │ │ ├── mpromise@0.5.4
23 silly idealTree │ │ ├─┬ mquery@1.0.0
23 silly idealTree │ │ │ └── debug@0.7.4
23 silly idealTree │ │ ├── ms@0.1.0
23 silly idealTree │ │ ├── muri@0.3.1
23 silly idealTree │ │ ├── regexp-clone@0.0.1
23 silly idealTree │ │ └── sliced@0.0.5
23 silly idealTree │ └── redis@0.12.1
23 silly idealTree ├─┬ express@4.13.3
23 silly idealTree │ ├─┬ accepts@1.2.13
23 silly idealTree │ │ ├─┬ mime-types@2.1.7
23 silly idealTree │ │ │ └── mime-db@1.19.0
23 silly idealTree │ │ └── negotiator@0.5.3
23 silly idealTree │ ├── array-flatten@1.1.1
23 silly idealTree │ ├── content-disposition@0.5.0
23 silly idealTree │ ├── content-type@1.0.1
23 silly idealTree │ ├── cookie-signature@1.0.6
23 silly idealTree │ ├── cookie@0.1.3
23 silly idealTree │ ├─┬ debug@2.2.0
23 silly idealTree │ │ └── ms@0.7.1
23 silly idealTree │ ├── depd@1.0.1
23 silly idealTree │ ├── escape-html@1.0.2
23 silly idealTree │ ├── etag@1.7.0
23 silly idealTree │ ├─┬ finalhandler@0.4.0
23 silly idealTree │ │ └── unpipe@1.0.0
23 silly idealTree │ ├── fresh@0.3.0
23 silly idealTree │ ├── merge-descriptors@1.0.0
23 silly idealTree │ ├── methods@1.1.1
23 silly idealTree │ ├─┬ on-finished@2.3.0
23 silly idealTree │ │ └── ee-first@1.1.1
23 silly idealTree │ ├── parseurl@1.3.0
23 silly idealTree │ ├── path-to-regexp@0.1.7
23 silly idealTree │ ├─┬ proxy-addr@1.0.8
23 silly idealTree │ │ ├── forwarded@0.1.0
23 silly idealTree │ │ └── ipaddr.js@1.0.1
23 silly idealTree │ ├── qs@4.0.0
23 silly idealTree │ ├── range-parser@1.0.2
23 silly idealTree │ ├─┬ send@0.13.0
23 silly idealTree │ │ ├── destroy@1.0.3
23 silly idealTree │ │ ├─┬ http-errors@1.3.1
23 silly idealTree │ │ │ └── inherits@2.0.1
23 silly idealTree │ │ ├── mime@1.3.4
23 silly idealTree │ │ ├── ms@0.7.1
23 silly idealTree │ │ └── statuses@1.2.1
23 silly idealTree │ ├── serve-static@1.10.0
23 silly idealTree │ ├─┬ type-is@1.6.9
23 silly idealTree │ │ ├── media-typer@0.3.0
23 silly idealTree │ │ └─┬ mime-types@2.1.7
23 silly idealTree │ │   └── mime-db@1.19.0
23 silly idealTree │ ├── utils-merge@1.0.0
23 silly idealTree │ └── vary@1.0.1
23 silly idealTree ├── gravatar@1.4.0
23 silly idealTree ├── inherits@2.0.1
23 silly idealTree ├── isarray@0.0.1
23 silly idealTree ├── knuth-shuffle@1.0.1
23 silly idealTree ├─┬ mongo-session@0.2.15
23 silly idealTree │ └─┬ mongodb@1.3.12
23 silly idealTree │   ├── bson@0.2.1
23 silly idealTree │   └── kerberos@0.0.3
23 silly idealTree ├── mongodb-core@1.2.32
23 silly idealTree ├── mongodb@2.1.4
23 silly idealTree ├─┬ mongoose@4.1.9
23 silly idealTree │ ├── async@0.9.0
23 silly idealTree │ ├── bson@0.4.12
23 silly idealTree │ ├── hooks-fixed@1.1.0
23 silly idealTree │ ├── kareem@1.0.1
23 silly idealTree │ ├─┬ mongodb@2.0.42
23 silly idealTree │ │ ├── es6-promise@2.1.1
23 silly idealTree │ │ ├─┬ mongodb-core@1.2.10
23 silly idealTree │ │ │ └─┬ kerberos@0.0.14
23 silly idealTree │ │ │   └── nan@2.0.9
23 silly idealTree │ │ └─┬ readable-stream@1.0.31
23 silly idealTree │ │   ├── core-util-is@1.0.1
23 silly idealTree │ │   ├── inherits@2.0.1
23 silly idealTree │ │   ├── isarray@0.0.1
23 silly idealTree │ │   └── string_decoder@0.10.31
23 silly idealTree │ ├── mpath@0.1.1
23 silly idealTree │ ├── mpromise@0.5.4
23 silly idealTree │ ├─┬ mquery@1.6.3
23 silly idealTree │ │ ├── bluebird@2.9.26
23 silly idealTree │ │ └─┬ debug@2.2.0
23 silly idealTree │ │   └── ms@0.7.1
23 silly idealTree │ ├── ms@0.1.0
23 silly idealTree │ ├── muri@1.0.0
23 silly idealTree │ ├── regexp-clone@0.0.1
23 silly idealTree │ └── sliced@0.0.5
23 silly idealTree ├── nopt@3.0.6
23 silly idealTree ├─┬ passport-facebook@2.0.0
23 silly idealTree │ └─┬ passport-oauth2@1.1.2
23 silly idealTree │   ├── oauth@0.9.14
23 silly idealTree │   ├── passport-strategy@1.0.0
23 silly idealTree │   └── uid2@0.0.3
23 silly idealTree ├─┬ passport-google-oauth@0.2.0
23 silly idealTree │ ├─┬ passport-oauth@1.0.0
23 silly idealTree │ │ ├─┬ passport-oauth1@1.0.1
23 silly idealTree │ │ │ ├── oauth@0.9.14
23 silly idealTree │ │ │ ├── passport-strategy@1.0.0
23 silly idealTree │ │ │ └── utils-merge@1.0.0
23 silly idealTree │ │ └─┬ passport-oauth2@1.1.2
23 silly idealTree │ │   ├── oauth@0.9.14
23 silly idealTree │ │   ├── passport-strategy@1.0.0
23 silly idealTree │ │   └── uid2@0.0.3
23 silly idealTree │ └── pkginfo@0.3.0
23 silly idealTree ├── passport-local@1.0.0
23 silly idealTree ├── passport-strategy@1.0.0
23 silly idealTree ├─┬ passport@0.3.0
23 silly idealTree │ ├── passport-strategy@1.0.0
23 silly idealTree │ └── pause@0.0.1
23 silly idealTree ├── process-nextick-args@1.0.6
23 silly idealTree ├── readable-stream@1.0.31
23 silly idealTree ├── string_decoder@0.10.31
23 silly idealTree ├── underscore@1.8.3
23 silly idealTree └── util-deprecate@1.0.2
24 silly generateActionsToTake Starting
25 silly install generateActionsToTake
26 silly generateActionsToTake Finishing
27 silly diffTrees action count 0
28 silly decomposeActions action count 0
29 silly executeActions Starting
30 silly install executeActions
31 silly doSerial global-install 0
32 silly doParallel fetch 0
33 verbose lock using /Users/brackettcarmony/.npm/_locks/staging-943188585365602e.lock for /Users/brackettcarmony/devMountain/elo/node_modules/.staging
34 silly doParallel extract 0
35 silly doParallel preinstall 0
36 silly doReverseSerial remove 0
37 silly doSerial move 0
38 silly doSerial finalize 0
39 silly doSerial build 0
40 silly doSerial global-link 0
41 silly doParallel update-linked 0
42 silly doSerial install 0
43 silly doSerial postinstall 0
44 verbose unlock done using /Users/brackettcarmony/.npm/_locks/staging-943188585365602e.lock for /Users/brackettcarmony/devMountain/elo/node_modules/.staging
45 silly executeActions Finishing
46 silly rollbackFailedOptional Starting
47 silly rollbackFailedOptional Finishing
48 silly runTopLevelLifecycles Starting
49 silly install runTopLevelLifecycles
50 silly preinstall elo@1.0.0 /Users/brackettcarmony/devMountain/elo/elo-da54c71491a263f3246a21cb3ab439ac
51 info lifecycle elo@1.0.0~preinstall: elo@1.0.0
52 silly lifecycle elo@1.0.0~preinstall: no script for preinstall, continuing
53 silly build elo@1.0.0
54 info linkStuff elo@1.0.0
55 silly linkStuff elo@1.0.0 has /Users/brackettcarmony/devMountain as its parent node_modules
56 verbose linkBins elo@1.0.0
57 verbose linkMans elo@1.0.0
58 silly install elo@1.0.0 /Users/brackettcarmony/devMountain/elo/elo-da54c71491a263f3246a21cb3ab439ac
59 info lifecycle elo@1.0.0~install: elo@1.0.0
60 silly lifecycle elo@1.0.0~install: no script for install, continuing
61 silly postinstall elo@1.0.0 /Users/brackettcarmony/devMountain/elo/elo-da54c71491a263f3246a21cb3ab439ac
62 info lifecycle elo@1.0.0~postinstall: elo@1.0.0
63 verbose lifecycle elo@1.0.0~postinstall: unsafe-perm in lifecycle true
64 verbose lifecycle elo@1.0.0~postinstall: PATH: /usr/local/lib/node_modules/npm/bin/node-gyp-bin:/Users/brackettcarmony/devMountain/elo/node_modules/.bin:/Users/brackettcarmony/anaconda/bin:/Users/brackettcarmony/.rbenv/bin:/usr/local/bin:./node_modules/.bin:/Users/brackettcarmony/.composer/vendor/bin:/usr/local/bin:/Users/brackettcarmony/bin:/Users/brackettcarmony/anaconda/bin:/Users/brackettcarmony/.rbenv/bin:/usr/local/bin:./node_modules/.bin:/Users/brackettcarmony/.composer/vendor/bin:/usr/local/bin:/Users/brackettcarmony/bin:/usr/bin:/bin:/usr/sbin:/sbin:/usr/local/bin:~/.composer/vendor/bin:/opt/X11/bin:/Users/brackettcarmony/.gem/ruby/1.8/bin:/opt/nginx/sbin:/Users/brackettcarmony/.bash_it/plugins/available/todo:/Users/brackettcarmony/.gem/ruby/1.8/bin:/opt/nginx/sbin:/Users/brackettcarmony/.bash_it/plugins/available/todo
65 verbose lifecycle elo@1.0.0~postinstall: CWD: /Users/brackettcarmony/devMountain/elo
66 silly lifecycle elo@1.0.0~postinstall: Args: [ '-c', 'cp node_modules/chart.js public/lib' ]
67 silly lifecycle elo@1.0.0~postinstall: Returned: code: 1  signal: null
68 info lifecycle elo@1.0.0~postinstall: Failed to exec postinstall script
69 warn EPEERINVALID mongodb-core@1.2.32 requires a peer of kerberos@~0.0 but none was installed.
70 warn EPACKAGEJSON elo@1.0.0 No repository field.
71 verbose stack Error: elo@1.0.0 postinstall: `cp node_modules/chart.js public/lib`
71 verbose stack Exit status 1
71 verbose stack     at EventEmitter.<anonymous> (/usr/local/lib/node_modules/npm/lib/utils/lifecycle.js:232:16)
71 verbose stack     at emitTwo (events.js:87:13)
71 verbose stack     at EventEmitter.emit (events.js:172:7)
71 verbose stack     at ChildProcess.<anonymous> (/usr/local/lib/node_modules/npm/lib/utils/spawn.js:24:14)
71 verbose stack     at emitTwo (events.js:87:13)
71 verbose stack     at ChildProcess.emit (events.js:172:7)
71 verbose stack     at maybeClose (internal/child_process.js:821:16)
71 verbose stack     at Process.ChildProcess._handle.onexit (internal/child_process.js:211:5)
72 verbose pkgid elo@1.0.0
73 verbose cwd /Users/brackettcarmony/devMountain/elo
74 error Darwin 14.5.0
75 error argv "/usr/local/bin/node" "/usr/local/bin/npm" "install"
76 error node v5.4.1
77 error npm  v3.3.12
78 error code ELIFECYCLE
79 error elo@1.0.0 postinstall: `cp node_modules/chart.js public/lib`
79 error Exit status 1
80 error Failed at the elo@1.0.0 postinstall script 'cp node_modules/chart.js public/lib'.
80 error Make sure you have the latest version of node.js and npm installed.
80 error If you do, this is most likely a problem with the elo package,
80 error not with npm itself.
80 error Tell the author that this fails on your system:
80 error     cp node_modules/chart.js public/lib
80 error You can get their info via:
80 error     npm owner ls elo
80 error There is likely additional logging output above.
81 verbose exit [ 1, true ]
